2022-11-21 19:04:45.215057: I tensorflow/core/platform/cpu_feature_guard.cc:141] Your CPU supports instructions that this TensorFlow binary was not compiled to use: AVX2 FMA
Processing video /home/centos/pad/lcnn-pytorch/dataset/CASIA/train_release/4/6.avi
Processing video /home/centos/pad/lcnn-pytorch/dataset/CASIA/train_release/4/HR_4.avi
Processing video /home/centos/pad/lcnn-pytorch/dataset/CASIA/train_release/4/7.avi
Processing video /home/centos/pad/lcnn-pytorch/dataset/CASIA/train_release/4/HR_2.avi
Processing video /home/centos/pad/lcnn-pytorch/dataset/CASIA/train_release/4/HR_3.avi
Processing video /home/centos/pad/lcnn-pytorch/dataset/CASIA/train_release/4/2.avi
Processing video /home/centos/pad/lcnn-pytorch/dataset/CASIA/train_release/4/3.avi
Processing video /home/centos/pad/lcnn-pytorch/dataset/CASIA/train_release/4/HR_1.avi
Processing video /home/centos/pad/lcnn-pytorch/dataset/CASIA/train_release/4/1.avi
Processing video /home/centos/pad/lcnn-pytorch/dataset/CASIA/train_release/4/4.avi
Processing video /home/centos/pad/lcnn-pytorch/dataset/CASIA/train_release/4/5.avi
Processing video /home/centos/pad/lcnn-pytorch/dataset/CASIA/train_release/4/8.avi
Processing video /home/centos/pad/lcnn-pytorch/dataset/CASIA/train_release/7/HR_1.avi
Processing video /home/centos/pad/lcnn-pytorch/dataset/CASIA/train_release/7/4.avi
Processing video /home/centos/pad/lcnn-pytorch/dataset/CASIA/train_release/7/HR_4.avi
Processing video /home/centos/pad/lcnn-pytorch/dataset/CASIA/train_release/7/HR_3.avi
Processing video /home/centos/pad/lcnn-pytorch/dataset/CASIA/train_release/7/6.avi
Processing video /home/centos/pad/lcnn-pytorch/dataset/CASIA/train_release/7/HR_2.avi
Processing video /home/centos/pad/lcnn-pytorch/dataset/CASIA/train_release/7/3.avi
Processing video /home/centos/pad/lcnn-pytorch/dataset/CASIA/train_release/7/2.avi
Processing video /home/centos/pad/lcnn-pytorch/dataset/CASIA/train_release/7/7.avi
Processing video /home/centos/pad/lcnn-pytorch/dataset/CASIA/train_release/7/8.avi
Processing video /home/centos/pad/lcnn-pytorch/dataset/CASIA/train_release/7/1.avi
Processing video /home/centos/pad/lcnn-pytorch/dataset/CASIA/train_release/7/5.avi
Processing video /home/centos/pad/lcnn-pytorch/dataset/CASIA/train_release/6/4.avi
Processing video /home/centos/pad/lcnn-pytorch/dataset/CASIA/train_release/6/HR_1.avi
Processing video /home/centos/pad/lcnn-pytorch/dataset/CASIA/train_release/6/6.avi
Processing video /home/centos/pad/lcnn-pytorch/dataset/CASIA/train_release/6/7.avi
Processing video /home/centos/pad/lcnn-pytorch/dataset/CASIA/train_release/6/HR_3.avi
Processing video /home/centos/pad/lcnn-pytorch/dataset/CASIA/train_release/6/HR_2.avi
Processing video /home/centos/pad/lcnn-pytorch/dataset/CASIA/train_release/6/3.avi
Processing video /home/centos/pad/lcnn-pytorch/dataset/CASIA/train_release/6/2.avi
Processing video /home/centos/pad/lcnn-pytorch/dataset/CASIA/train_release/6/8.avi
Processing video /home/centos/pad/lcnn-pytorch/dataset/CASIA/train_release/6/5.avi
Processing video /home/centos/pad/lcnn-pytorch/dataset/CASIA/train_release/6/HR_4.avi
Processing video /home/centos/pad/lcnn-pytorch/dataset/CASIA/train_release/6/1.avi
Processing video /home/centos/pad/lcnn-pytorch/dataset/CASIA/train_release/18/HR_4.avi
Processing video /home/centos/pad/lcnn-pytorch/dataset/CASIA/train_release/18/HR_1.avi
Processing video /home/centos/pad/lcnn-pytorch/dataset/CASIA/train_release/18/HR_3.avi
Processing video /home/centos/pad/lcnn-pytorch/dataset/CASIA/train_release/18/2.avi
Processing video /home/centos/pad/lcnn-pytorch/dataset/CASIA/train_release/18/6.avi
Processing video /home/centos/pad/lcnn-pytorch/dataset/CASIA/train_release/18/3.avi
Processing video /home/centos/pad/lcnn-pytorch/dataset/CASIA/train_release/18/5.avi
Processing video /home/centos/pad/lcnn-pytorch/dataset/CASIA/train_release/18/4.avi
Processing video /home/centos/pad/lcnn-pytorch/dataset/CASIA/train_release/18/HR_2.avi
Processing video /home/centos/pad/lcnn-pytorch/dataset/CASIA/train_release/18/7.avi
Processing video /home/centos/pad/lcnn-pytorch/dataset/CASIA/train_release/18/1.avi
Processing video /home/centos/pad/lcnn-pytorch/dataset/CASIA/train_release/18/8.avi
Processing video /home/centos/pad/lcnn-pytorch/dataset/CASIA/train_release/2/HR_3.avi
Processing video /home/centos/pad/lcnn-pytorch/dataset/CASIA/train_release/2/7.avi
Processing video /home/centos/pad/lcnn-pytorch/dataset/CASIA/train_release/2/8.avi
Processing video /home/centos/pad/lcnn-pytorch/dataset/CASIA/train_release/2/3.avi
Processing video /home/centos/pad/lcnn-pytorch/dataset/CASIA/train_release/2/5.avi
Processing video /home/centos/pad/lcnn-pytorch/dataset/CASIA/train_release/2/1.avi
Processing video /home/centos/pad/lcnn-pytorch/dataset/CASIA/train_release/2/6.avi
Processing video /home/centos/pad/lcnn-pytorch/dataset/CASIA/train_release/2/4.avi
Processing video /home/centos/pad/lcnn-pytorch/dataset/CASIA/train_release/2/2.avi
Processing video /home/centos/pad/lcnn-pytorch/dataset/CASIA/train_release/2/HR_1.avi
Processing video /home/centos/pad/lcnn-pytorch/dataset/CASIA/train_release/2/HR_4.avi
Processing video /home/centos/pad/lcnn-pytorch/dataset/CASIA/train_release/2/HR_2.avi
Processing video /home/centos/pad/lcnn-pytorch/dataset/CASIA/train_release/13/HR_4.avi
Processing video /home/centos/pad/lcnn-pytorch/dataset/CASIA/train_release/13/HR_3.avi
Processing video /home/centos/pad/lcnn-pytorch/dataset/CASIA/train_release/13/3.avi
Processing video /home/centos/pad/lcnn-pytorch/dataset/CASIA/train_release/13/8.avi
Processing video /home/centos/pad/lcnn-pytorch/dataset/CASIA/train_release/13/7.avi
Processing video /home/centos/pad/lcnn-pytorch/dataset/CASIA/train_release/13/6.avi
Processing video /home/centos/pad/lcnn-pytorch/dataset/CASIA/train_release/13/4.avi
Processing video /home/centos/pad/lcnn-pytorch/dataset/CASIA/train_release/13/2.avi
Processing video /home/centos/pad/lcnn-pytorch/dataset/CASIA/train_release/13/1.avi
Processing video /home/centos/pad/lcnn-pytorch/dataset/CASIA/train_release/13/HR_2.avi
Processing video /home/centos/pad/lcnn-pytorch/dataset/CASIA/train_release/13/5.avi
Processing video /home/centos/pad/lcnn-pytorch/dataset/CASIA/train_release/13/HR_1.avi
Processing video /home/centos/pad/lcnn-pytorch/dataset/CASIA/train_release/11/3.avi
Processing video /home/centos/pad/lcnn-pytorch/dataset/CASIA/train_release/11/4.avi
Processing video /home/centos/pad/lcnn-pytorch/dataset/CASIA/train_release/11/HR_1.avi
Processing video /home/centos/pad/lcnn-pytorch/dataset/CASIA/train_release/11/HR_3.avi
Processing video /home/centos/pad/lcnn-pytorch/dataset/CASIA/train_release/11/HR_4.avi
Processing video /home/centos/pad/lcnn-pytorch/dataset/CASIA/train_release/11/7.avi
Processing video /home/centos/pad/lcnn-pytorch/dataset/CASIA/train_release/11/6.avi
Processing video /home/centos/pad/lcnn-pytorch/dataset/CASIA/train_release/11/2.avi
Processing video /home/centos/pad/lcnn-pytorch/dataset/CASIA/train_release/11/8.avi
Processing video /home/centos/pad/lcnn-pytorch/dataset/CASIA/train_release/11/5.avi
Processing video /home/centos/pad/lcnn-pytorch/dataset/CASIA/train_release/11/1.avi
Processing video /home/centos/pad/lcnn-pytorch/dataset/CASIA/train_release/11/HR_2.avi
Processing video /home/centos/pad/lcnn-pytorch/dataset/CASIA/train_release/8/HR_3.avi
Processing video /home/centos/pad/lcnn-pytorch/dataset/CASIA/train_release/8/HR_4.avi
Processing video /home/centos/pad/lcnn-pytorch/dataset/CASIA/train_release/8/6.avi
Processing video /home/centos/pad/lcnn-pytorch/dataset/CASIA/train_release/8/2.avi
Processing video /home/centos/pad/lcnn-pytorch/dataset/CASIA/train_release/8/1.avi
Processing video /home/centos/pad/lcnn-pytorch/dataset/CASIA/train_release/8/3.avi
Processing video /home/centos/pad/lcnn-pytorch/dataset/CASIA/train_release/8/4.avi
Processing video /home/centos/pad/lcnn-pytorch/dataset/CASIA/train_release/8/7.avi
Processing video /home/centos/pad/lcnn-pytorch/dataset/CASIA/train_release/8/8.avi
Processing video /home/centos/pad/lcnn-pytorch/dataset/CASIA/train_release/8/HR_1.avi
Processing video /home/centos/pad/lcnn-pytorch/dataset/CASIA/train_release/8/5.avi
Processing video /home/centos/pad/lcnn-pytorch/dataset/CASIA/train_release/8/HR_2.avi
Processing video /home/centos/pad/lcnn-pytorch/dataset/CASIA/train_release/17/HR_3.avi
Processing video /home/centos/pad/lcnn-pytorch/dataset/CASIA/train_release/17/HR_1.avi
Processing video /home/centos/pad/lcnn-pytorch/dataset/CASIA/train_release/17/HR_4.avi
Processing video /home/centos/pad/lcnn-pytorch/dataset/CASIA/train_release/17/6.avi
Processing video /home/centos/pad/lcnn-pytorch/dataset/CASIA/train_release/17/HR_2.avi
Processing video /home/centos/pad/lcnn-pytorch/dataset/CASIA/train_release/17/3.avi
Processing video /home/centos/pad/lcnn-pytorch/dataset/CASIA/train_release/17/4.avi
Processing video /home/centos/pad/lcnn-pytorch/dataset/CASIA/train_release/17/2.avi
Processing video /home/centos/pad/lcnn-pytorch/dataset/CASIA/train_release/17/8.avi
Processing video /home/centos/pad/lcnn-pytorch/dataset/CASIA/train_release/17/7.avi
Processing video /home/centos/pad/lcnn-pytorch/dataset/CASIA/train_release/17/5.avi
Processing video /home/centos/pad/lcnn-pytorch/dataset/CASIA/train_release/17/1.avi
Processing video /home/centos/pad/lcnn-pytorch/dataset/CASIA/train_release/19/HR_4.avi
Processing video /home/centos/pad/lcnn-pytorch/dataset/CASIA/train_release/19/HR_1.avi
Processing video /home/centos/pad/lcnn-pytorch/dataset/CASIA/train_release/19/6.avi
Processing video /home/centos/pad/lcnn-pytorch/dataset/CASIA/train_release/19/HR_2.avi
Processing video /home/centos/pad/lcnn-pytorch/dataset/CASIA/train_release/19/HR_3.avi
Processing video /home/centos/pad/lcnn-pytorch/dataset/CASIA/train_release/19/5.avi
Processing video /home/centos/pad/lcnn-pytorch/dataset/CASIA/train_release/19/4.avi
Processing video /home/centos/pad/lcnn-pytorch/dataset/CASIA/train_release/19/3.avi
Processing video /home/centos/pad/lcnn-pytorch/dataset/CASIA/train_release/19/8.avi
Processing video /home/centos/pad/lcnn-pytorch/dataset/CASIA/train_release/19/7.avi
Processing video /home/centos/pad/lcnn-pytorch/dataset/CASIA/train_release/19/1.avi
Processing video /home/centos/pad/lcnn-pytorch/dataset/CASIA/train_release/19/2.avi
Processing video /home/centos/pad/lcnn-pytorch/dataset/CASIA/train_release/3/HR_4.avi
Processing video /home/centos/pad/lcnn-pytorch/dataset/CASIA/train_release/3/HR_3.avi
Processing video /home/centos/pad/lcnn-pytorch/dataset/CASIA/train_release/3/7.avi
Processing video /home/centos/pad/lcnn-pytorch/dataset/CASIA/train_release/3/HR_1.avi
Processing video /home/centos/pad/lcnn-pytorch/dataset/CASIA/train_release/3/6.avi
Processing video /home/centos/pad/lcnn-pytorch/dataset/CASIA/train_release/3/2.avi
Processing video /home/centos/pad/lcnn-pytorch/dataset/CASIA/train_release/3/4.avi
Processing video /home/centos/pad/lcnn-pytorch/dataset/CASIA/train_release/3/5.avi
Processing video /home/centos/pad/lcnn-pytorch/dataset/CASIA/train_release/3/1.avi
Processing video /home/centos/pad/lcnn-pytorch/dataset/CASIA/train_release/3/8.avi
Processing video /home/centos/pad/lcnn-pytorch/dataset/CASIA/train_release/3/3.avi
Processing video /home/centos/pad/lcnn-pytorch/dataset/CASIA/train_release/3/HR_2.avi
Processing video /home/centos/pad/lcnn-pytorch/dataset/CASIA/train_release/9/HR_3.avi
Processing video /home/centos/pad/lcnn-pytorch/dataset/CASIA/train_release/9/6.avi
Processing video /home/centos/pad/lcnn-pytorch/dataset/CASIA/train_release/9/HR_1.avi
Processing video /home/centos/pad/lcnn-pytorch/dataset/CASIA/train_release/9/2.avi
Processing video /home/centos/pad/lcnn-pytorch/dataset/CASIA/train_release/9/3.avi
Processing video /home/centos/pad/lcnn-pytorch/dataset/CASIA/train_release/9/HR_4.avi
Processing video /home/centos/pad/lcnn-pytorch/dataset/CASIA/train_release/9/7.avi
Processing video /home/centos/pad/lcnn-pytorch/dataset/CASIA/train_release/9/HR_2.avi
Processing video /home/centos/pad/lcnn-pytorch/dataset/CASIA/train_release/9/4.avi
Processing video /home/centos/pad/lcnn-pytorch/dataset/CASIA/train_release/9/8.avi
Processing video /home/centos/pad/lcnn-pytorch/dataset/CASIA/train_release/9/1.avi
Processing video /home/centos/pad/lcnn-pytorch/dataset/CASIA/train_release/9/5.avi
Processing video /home/centos/pad/lcnn-pytorch/dataset/CASIA/train_release/16/HR_1.avi
Processing video /home/centos/pad/lcnn-pytorch/dataset/CASIA/train_release/16/7.avi
Processing video /home/centos/pad/lcnn-pytorch/dataset/CASIA/train_release/16/3.avi
Processing video /home/centos/pad/lcnn-pytorch/dataset/CASIA/train_release/16/6.avi
Processing video /home/centos/pad/lcnn-pytorch/dataset/CASIA/train_release/16/1.avi
Processing video /home/centos/pad/lcnn-pytorch/dataset/CASIA/train_release/16/HR_3.avi
Processing video /home/centos/pad/lcnn-pytorch/dataset/CASIA/train_release/16/2.avi
Processing video /home/centos/pad/lcnn-pytorch/dataset/CASIA/train_release/16/5.avi
Processing video /home/centos/pad/lcnn-pytorch/dataset/CASIA/train_release/16/4.avi
Processing video /home/centos/pad/lcnn-pytorch/dataset/CASIA/train_release/16/HR_4.avi
Processing video /home/centos/pad/lcnn-pytorch/dataset/CASIA/train_release/16/HR_2.avi
Processing video /home/centos/pad/lcnn-pytorch/dataset/CASIA/train_release/16/8.avi
Processing video /home/centos/pad/lcnn-pytorch/dataset/CASIA/train_release/15/6.avi
Processing video /home/centos/pad/lcnn-pytorch/dataset/CASIA/train_release/15/HR_4.avi
Processing video /home/centos/pad/lcnn-pytorch/dataset/CASIA/train_release/15/HR_2.avi
Processing video /home/centos/pad/lcnn-pytorch/dataset/CASIA/train_release/15/3.avi
Processing video /home/centos/pad/lcnn-pytorch/dataset/CASIA/train_release/15/2.avi
Processing video /home/centos/pad/lcnn-pytorch/dataset/CASIA/train_release/15/HR_3.avi
Processing video /home/centos/pad/lcnn-pytorch/dataset/CASIA/train_release/15/HR_1.avi
Processing video /home/centos/pad/lcnn-pytorch/dataset/CASIA/train_release/15/4.avi
Processing video /home/centos/pad/lcnn-pytorch/dataset/CASIA/train_release/15/8.avi
Processing video /home/centos/pad/lcnn-pytorch/dataset/CASIA/train_release/15/1.avi
Processing video /home/centos/pad/lcnn-pytorch/dataset/CASIA/train_release/15/7.avi
Processing video /home/centos/pad/lcnn-pytorch/dataset/CASIA/train_release/15/5.avi
Processing video /home/centos/pad/lcnn-pytorch/dataset/CASIA/train_release/20/3.avi
Processing video /home/centos/pad/lcnn-pytorch/dataset/CASIA/train_release/20/HR_3.avi
Processing video /home/centos/pad/lcnn-pytorch/dataset/CASIA/train_release/20/HR_4.avi
Processing video /home/centos/pad/lcnn-pytorch/dataset/CASIA/train_release/20/2.avi
Processing video /home/centos/pad/lcnn-pytorch/dataset/CASIA/train_release/20/8.avi
Processing video /home/centos/pad/lcnn-pytorch/dataset/CASIA/train_release/20/6.avi
Processing video /home/centos/pad/lcnn-pytorch/dataset/CASIA/train_release/20/4.avi
Processing video /home/centos/pad/lcnn-pytorch/dataset/CASIA/train_release/20/7.avi
Processing video /home/centos/pad/lcnn-pytorch/dataset/CASIA/train_release/20/5.avi
Processing video /home/centos/pad/lcnn-pytorch/dataset/CASIA/train_release/20/1.avi
Processing video /home/centos/pad/lcnn-pytorch/dataset/CASIA/train_release/20/HR_1.avi
Processing video /home/centos/pad/lcnn-pytorch/dataset/CASIA/train_release/20/HR_2.avi
Processing video /home/centos/pad/lcnn-pytorch/dataset/CASIA/train_release/1/HR_2.avi
Processing video /home/centos/pad/lcnn-pytorch/dataset/CASIA/train_release/1/6.avi
Processing video /home/centos/pad/lcnn-pytorch/dataset/CASIA/train_release/1/2.avi
Processing video /home/centos/pad/lcnn-pytorch/dataset/CASIA/train_release/1/1.avi
Processing video /home/centos/pad/lcnn-pytorch/dataset/CASIA/train_release/1/4.avi
Processing video /home/centos/pad/lcnn-pytorch/dataset/CASIA/train_release/1/7.avi
Processing video /home/centos/pad/lcnn-pytorch/dataset/CASIA/train_release/1/8.avi
Processing video /home/centos/pad/lcnn-pytorch/dataset/CASIA/train_release/1/3.avi
Processing video /home/centos/pad/lcnn-pytorch/dataset/CASIA/train_release/1/HR_3.avi
Processing video /home/centos/pad/lcnn-pytorch/dataset/CASIA/train_release/1/5.avi
Processing video /home/centos/pad/lcnn-pytorch/dataset/CASIA/train_release/1/HR_1.avi
Processing video /home/centos/pad/lcnn-pytorch/dataset/CASIA/train_release/1/HR_4.avi
Processing video /home/centos/pad/lcnn-pytorch/dataset/CASIA/train_release/5/HR_1.avi
Processing video /home/centos/pad/lcnn-pytorch/dataset/CASIA/train_release/5/6.avi
Processing video /home/centos/pad/lcnn-pytorch/dataset/CASIA/train_release/5/7.avi
Processing video /home/centos/pad/lcnn-pytorch/dataset/CASIA/train_release/5/HR_3.avi
Processing video /home/centos/pad/lcnn-pytorch/dataset/CASIA/train_release/5/3.avi
Processing video /home/centos/pad/lcnn-pytorch/dataset/CASIA/train_release/5/4.avi
Processing video /home/centos/pad/lcnn-pytorch/dataset/CASIA/train_release/5/2.avi
Processing video /home/centos/pad/lcnn-pytorch/dataset/CASIA/train_release/5/8.avi
Processing video /home/centos/pad/lcnn-pytorch/dataset/CASIA/train_release/5/5.avi
Processing video /home/centos/pad/lcnn-pytorch/dataset/CASIA/train_release/5/1.avi
Processing video /home/centos/pad/lcnn-pytorch/dataset/CASIA/train_release/5/HR_4.avi
Processing video /home/centos/pad/lcnn-pytorch/dataset/CASIA/train_release/5/HR_2.avi
Processing video /home/centos/pad/lcnn-pytorch/dataset/CASIA/train_release/10/4.avi
Processing video /home/centos/pad/lcnn-pytorch/dataset/CASIA/train_release/10/2.avi
Processing video /home/centos/pad/lcnn-pytorch/dataset/CASIA/train_release/10/8.avi
Processing video /home/centos/pad/lcnn-pytorch/dataset/CASIA/train_release/10/6.avi
Processing video /home/centos/pad/lcnn-pytorch/dataset/CASIA/train_release/10/1.avi
Processing video /home/centos/pad/lcnn-pytorch/dataset/CASIA/train_release/10/HR_1.avi
Processing video /home/centos/pad/lcnn-pytorch/dataset/CASIA/train_release/10/5.avi
Processing video /home/centos/pad/lcnn-pytorch/dataset/CASIA/train_release/10/HR_4.avi
Processing video /home/centos/pad/lcnn-pytorch/dataset/CASIA/train_release/10/HR_2.avi
Processing video /home/centos/pad/lcnn-pytorch/dataset/CASIA/train_release/10/7.avi
Processing video /home/centos/pad/lcnn-pytorch/dataset/CASIA/train_release/10/HR_3.avi
Processing video /home/centos/pad/lcnn-pytorch/dataset/CASIA/train_release/10/3.avi
Processing video /home/centos/pad/lcnn-pytorch/dataset/CASIA/train_release/14/HR_3.avi
Processing video /home/centos/pad/lcnn-pytorch/dataset/CASIA/train_release/14/HR_4.avi
Processing video /home/centos/pad/lcnn-pytorch/dataset/CASIA/train_release/14/4.avi
Processing video /home/centos/pad/lcnn-pytorch/dataset/CASIA/train_release/14/HR_1.avi
Processing video /home/centos/pad/lcnn-pytorch/dataset/CASIA/train_release/14/6.avi
Processing video /home/centos/pad/lcnn-pytorch/dataset/CASIA/train_release/14/3.avi
Processing video /home/centos/pad/lcnn-pytorch/dataset/CASIA/train_release/14/8.avi
Processing video /home/centos/pad/lcnn-pytorch/dataset/CASIA/train_release/14/2.avi
Processing video /home/centos/pad/lcnn-pytorch/dataset/CASIA/train_release/14/1.avi
Processing video /home/centos/pad/lcnn-pytorch/dataset/CASIA/train_release/14/HR_2.avi
Processing video /home/centos/pad/lcnn-pytorch/dataset/CASIA/train_release/14/7.avi
Processing video /home/centos/pad/lcnn-pytorch/dataset/CASIA/train_release/14/5.avi
Processing video /home/centos/pad/lcnn-pytorch/dataset/CASIA/train_release/12/HR_3.avi
Processing video /home/centos/pad/lcnn-pytorch/dataset/CASIA/train_release/12/7.avi
Processing video /home/centos/pad/lcnn-pytorch/dataset/CASIA/train_release/12/3.avi
Processing video /home/centos/pad/lcnn-pytorch/dataset/CASIA/train_release/12/5.avi
Processing video /home/centos/pad/lcnn-pytorch/dataset/CASIA/train_release/12/2.avi
Processing video /home/centos/pad/lcnn-pytorch/dataset/CASIA/train_release/12/1.avi
Processing video /home/centos/pad/lcnn-pytorch/dataset/CASIA/train_release/12/HR_1.avi
Processing video /home/centos/pad/lcnn-pytorch/dataset/CASIA/train_release/12/HR_4.avi
Processing video /home/centos/pad/lcnn-pytorch/dataset/CASIA/train_release/12/8.avi
Processing video /home/centos/pad/lcnn-pytorch/dataset/CASIA/train_release/12/HR_2.avi
Processing video /home/centos/pad/lcnn-pytorch/dataset/CASIA/train_release/12/4.avi
Processing video /home/centos/pad/lcnn-pytorch/dataset/CASIA/train_release/12/6.avi
Processing video /home/centos/pad/lcnn-pytorch/dataset/CASIA/test_release/6/HR_1.avi
Processing video /home/centos/pad/lcnn-pytorch/dataset/CASIA/test_release/6/4.avi
Processing video /home/centos/pad/lcnn-pytorch/dataset/CASIA/test_release/6/HR_3.avi
Processing video /home/centos/pad/lcnn-pytorch/dataset/CASIA/test_release/6/HR_4.avi
Processing video /home/centos/pad/lcnn-pytorch/dataset/CASIA/test_release/6/6.avi
Processing video /home/centos/pad/lcnn-pytorch/dataset/CASIA/test_release/6/5.avi
Processing video /home/centos/pad/lcnn-pytorch/dataset/CASIA/test_release/6/7.avi
Processing video /home/centos/pad/lcnn-pytorch/dataset/CASIA/test_release/6/8.avi
Processing video /home/centos/pad/lcnn-pytorch/dataset/CASIA/test_release/6/1.avi
Processing video /home/centos/pad/lcnn-pytorch/dataset/CASIA/test_release/6/2.avi
Processing video /home/centos/pad/lcnn-pytorch/dataset/CASIA/test_release/6/3.avi
Processing video /home/centos/pad/lcnn-pytorch/dataset/CASIA/test_release/6/HR_2.avi
Processing video /home/centos/pad/lcnn-pytorch/dataset/CASIA/test_release/4/HR_1.avi
Processing video /home/centos/pad/lcnn-pytorch/dataset/CASIA/test_release/4/4.avi
Processing video /home/centos/pad/lcnn-pytorch/dataset/CASIA/test_release/4/HR_3.avi
Processing video /home/centos/pad/lcnn-pytorch/dataset/CASIA/test_release/4/8.avi
Processing video /home/centos/pad/lcnn-pytorch/dataset/CASIA/test_release/4/HR_4.avi
Processing video /home/centos/pad/lcnn-pytorch/dataset/CASIA/test_release/4/2.avi
Processing video /home/centos/pad/lcnn-pytorch/dataset/CASIA/test_release/4/3.avi
Processing video /home/centos/pad/lcnn-pytorch/dataset/CASIA/test_release/4/6.avi
Processing video /home/centos/pad/lcnn-pytorch/dataset/CASIA/test_release/4/HR_2.avi
Processing video /home/centos/pad/lcnn-pytorch/dataset/CASIA/test_release/4/5.avi
Processing video /home/centos/pad/lcnn-pytorch/dataset/CASIA/test_release/4/7.avi
Processing video /home/centos/pad/lcnn-pytorch/dataset/CASIA/test_release/4/1.avi
Processing video /home/centos/pad/lcnn-pytorch/dataset/CASIA/test_release/7/HR_3.avi
Processing video /home/centos/pad/lcnn-pytorch/dataset/CASIA/test_release/7/4.avi
Processing video /home/centos/pad/lcnn-pytorch/dataset/CASIA/test_release/7/HR_4.avi
Processing video /home/centos/pad/lcnn-pytorch/dataset/CASIA/test_release/7/HR_1.avi
Processing video /home/centos/pad/lcnn-pytorch/dataset/CASIA/test_release/7/HR_2.avi
Processing video /home/centos/pad/lcnn-pytorch/dataset/CASIA/test_release/7/6.avi
Processing video /home/centos/pad/lcnn-pytorch/dataset/CASIA/test_release/7/5.avi
Processing video /home/centos/pad/lcnn-pytorch/dataset/CASIA/test_release/7/2.avi
Processing video /home/centos/pad/lcnn-pytorch/dataset/CASIA/test_release/7/1.avi
Processing video /home/centos/pad/lcnn-pytorch/dataset/CASIA/test_release/7/7.avi
Processing video /home/centos/pad/lcnn-pytorch/dataset/CASIA/test_release/7/8.avi
Processing video /home/centos/pad/lcnn-pytorch/dataset/CASIA/test_release/7/3.avi
Processing video /home/centos/pad/lcnn-pytorch/dataset/CASIA/test_release/28/HR_4.avi
Processing video /home/centos/pad/lcnn-pytorch/dataset/CASIA/test_release/28/HR_3.avi
Processing video /home/centos/pad/lcnn-pytorch/dataset/CASIA/test_release/28/4.avi
Processing video /home/centos/pad/lcnn-pytorch/dataset/CASIA/test_release/28/6.avi
Processing video /home/centos/pad/lcnn-pytorch/dataset/CASIA/test_release/28/8.avi
Processing video /home/centos/pad/lcnn-pytorch/dataset/CASIA/test_release/28/HR_1.avi
Processing video /home/centos/pad/lcnn-pytorch/dataset/CASIA/test_release/28/1.avi
Processing video /home/centos/pad/lcnn-pytorch/dataset/CASIA/test_release/28/5.avi
Processing video /home/centos/pad/lcnn-pytorch/dataset/CASIA/test_release/28/3.avi
Processing video /home/centos/pad/lcnn-pytorch/dataset/CASIA/test_release/28/7.avi
Processing video /home/centos/pad/lcnn-pytorch/dataset/CASIA/test_release/28/HR_2.avi
Processing video /home/centos/pad/lcnn-pytorch/dataset/CASIA/test_release/28/2.avi
Processing video /home/centos/pad/lcnn-pytorch/dataset/CASIA/test_release/25/HR_3.avi
Processing video /home/centos/pad/lcnn-pytorch/dataset/CASIA/test_release/25/6.avi
Processing video /home/centos/pad/lcnn-pytorch/dataset/CASIA/test_release/25/7.avi
Processing video /home/centos/pad/lcnn-pytorch/dataset/CASIA/test_release/25/HR_4.avi
Processing video /home/centos/pad/lcnn-pytorch/dataset/CASIA/test_release/25/1.avi
Processing video /home/centos/pad/lcnn-pytorch/dataset/CASIA/test_release/25/3.avi
Processing video /home/centos/pad/lcnn-pytorch/dataset/CASIA/test_release/25/HR_1.avi
Processing video /home/centos/pad/lcnn-pytorch/dataset/CASIA/test_release/25/8.avi
Processing video /home/centos/pad/lcnn-pytorch/dataset/CASIA/test_release/25/2.avi
Processing video /home/centos/pad/lcnn-pytorch/dataset/CASIA/test_release/25/5.avi
Processing video /home/centos/pad/lcnn-pytorch/dataset/CASIA/test_release/25/4.avi
Processing video /home/centos/pad/lcnn-pytorch/dataset/CASIA/test_release/25/HR_2.avi
Processing video /home/centos/pad/lcnn-pytorch/dataset/CASIA/test_release/5/HR_4.avi
Processing video /home/centos/pad/lcnn-pytorch/dataset/CASIA/test_release/5/1.avi
Processing video /home/centos/pad/lcnn-pytorch/dataset/CASIA/test_release/5/3.avi
Processing video /home/centos/pad/lcnn-pytorch/dataset/CASIA/test_release/5/HR_2.avi
Processing video /home/centos/pad/lcnn-pytorch/dataset/CASIA/test_release/5/HR_1.avi
Processing video /home/centos/pad/lcnn-pytorch/dataset/CASIA/test_release/5/8.avi
Processing video /home/centos/pad/lcnn-pytorch/dataset/CASIA/test_release/5/HR_3.avi
Processing video /home/centos/pad/lcnn-pytorch/dataset/CASIA/test_release/5/6.avi
Processing video /home/centos/pad/lcnn-pytorch/dataset/CASIA/test_release/5/4.avi
Processing video /home/centos/pad/lcnn-pytorch/dataset/CASIA/test_release/5/7.avi
Processing video /home/centos/pad/lcnn-pytorch/dataset/CASIA/test_release/5/2.avi
Processing video /home/centos/pad/lcnn-pytorch/dataset/CASIA/test_release/5/5.avi
Processing video /home/centos/pad/lcnn-pytorch/dataset/CASIA/test_release/20/HR_4.avi
Processing video /home/centos/pad/lcnn-pytorch/dataset/CASIA/test_release/20/6.avi
Processing video /home/centos/pad/lcnn-pytorch/dataset/CASIA/test_release/20/1.avi
Processing video /home/centos/pad/lcnn-pytorch/dataset/CASIA/test_release/20/HR_3.avi
Processing video /home/centos/pad/lcnn-pytorch/dataset/CASIA/test_release/20/5.avi
Processing video /home/centos/pad/lcnn-pytorch/dataset/CASIA/test_release/20/HR_2.avi
Processing video /home/centos/pad/lcnn-pytorch/dataset/CASIA/test_release/20/3.avi
Processing video /home/centos/pad/lcnn-pytorch/dataset/CASIA/test_release/20/2.avi
Processing video /home/centos/pad/lcnn-pytorch/dataset/CASIA/test_release/20/HR_1.avi
Processing video /home/centos/pad/lcnn-pytorch/dataset/CASIA/test_release/20/8.avi
Processing video /home/centos/pad/lcnn-pytorch/dataset/CASIA/test_release/20/7.avi
Processing video /home/centos/pad/lcnn-pytorch/dataset/CASIA/test_release/20/4.avi
Processing video /home/centos/pad/lcnn-pytorch/dataset/CASIA/test_release/21/HR_4.avi
Processing video /home/centos/pad/lcnn-pytorch/dataset/CASIA/test_release/21/HR_1.avi
Processing video /home/centos/pad/lcnn-pytorch/dataset/CASIA/test_release/21/HR_3.avi
Processing video /home/centos/pad/lcnn-pytorch/dataset/CASIA/test_release/21/3.avi
Processing video /home/centos/pad/lcnn-pytorch/dataset/CASIA/test_release/21/5.avi
Processing video /home/centos/pad/lcnn-pytorch/dataset/CASIA/test_release/21/HR_2.avi
Processing video /home/centos/pad/lcnn-pytorch/dataset/CASIA/test_release/21/6.avi
Processing video /home/centos/pad/lcnn-pytorch/dataset/CASIA/test_release/21/4.avi
Processing video /home/centos/pad/lcnn-pytorch/dataset/CASIA/test_release/21/2.avi
Processing video /home/centos/pad/lcnn-pytorch/dataset/CASIA/test_release/21/8.avi
Processing video /home/centos/pad/lcnn-pytorch/dataset/CASIA/test_release/21/1.avi
Processing video /home/centos/pad/lcnn-pytorch/dataset/CASIA/test_release/21/7.avi
Processing video /home/centos/pad/lcnn-pytorch/dataset/CASIA/test_release/2/HR_4.avi
Processing video /home/centos/pad/lcnn-pytorch/dataset/CASIA/test_release/2/HR_3.avi
Processing video /home/centos/pad/lcnn-pytorch/dataset/CASIA/test_release/2/HR_1.avi
Processing video /home/centos/pad/lcnn-pytorch/dataset/CASIA/test_release/2/3.avi
Processing video /home/centos/pad/lcnn-pytorch/dataset/CASIA/test_release/2/4.avi
Processing video /home/centos/pad/lcnn-pytorch/dataset/CASIA/test_release/2/6.avi
Processing video /home/centos/pad/lcnn-pytorch/dataset/CASIA/test_release/2/1.avi
Processing video /home/centos/pad/lcnn-pytorch/dataset/CASIA/test_release/2/5.avi
Processing video /home/centos/pad/lcnn-pytorch/dataset/CASIA/test_release/2/2.avi
Processing video /home/centos/pad/lcnn-pytorch/dataset/CASIA/test_release/2/8.avi
Processing video /home/centos/pad/lcnn-pytorch/dataset/CASIA/test_release/2/HR_2.avi
Processing video /home/centos/pad/lcnn-pytorch/dataset/CASIA/test_release/2/7.avi
Processing video /home/centos/pad/lcnn-pytorch/dataset/CASIA/test_release/3/HR_2.avi
Processing video /home/centos/pad/lcnn-pytorch/dataset/CASIA/test_release/3/4.avi
Processing video /home/centos/pad/lcnn-pytorch/dataset/CASIA/test_release/3/HR_4.avi
Processing video /home/centos/pad/lcnn-pytorch/dataset/CASIA/test_release/3/HR_1.avi
Processing video /home/centos/pad/lcnn-pytorch/dataset/CASIA/test_release/3/6.avi
Processing video /home/centos/pad/lcnn-pytorch/dataset/CASIA/test_release/3/3.avi
Processing video /home/centos/pad/lcnn-pytorch/dataset/CASIA/test_release/3/8.avi
Processing video /home/centos/pad/lcnn-pytorch/dataset/CASIA/test_release/3/5.avi
Processing video /home/centos/pad/lcnn-pytorch/dataset/CASIA/test_release/3/HR_3.avi
Processing video /home/centos/pad/lcnn-pytorch/dataset/CASIA/test_release/3/1.avi
Processing video /home/centos/pad/lcnn-pytorch/dataset/CASIA/test_release/3/2.avi
Processing video /home/centos/pad/lcnn-pytorch/dataset/CASIA/test_release/3/7.avi
Processing video /home/centos/pad/lcnn-pytorch/dataset/CASIA/test_release/24/HR_2.avi
Processing video /home/centos/pad/lcnn-pytorch/dataset/CASIA/test_release/24/6.avi
Processing video /home/centos/pad/lcnn-pytorch/dataset/CASIA/test_release/24/HR_1.avi
Processing video /home/centos/pad/lcnn-pytorch/dataset/CASIA/test_release/24/5.avi
Processing video /home/centos/pad/lcnn-pytorch/dataset/CASIA/test_release/24/HR_4.avi
Processing video /home/centos/pad/lcnn-pytorch/dataset/CASIA/test_release/24/8.avi
Processing video /home/centos/pad/lcnn-pytorch/dataset/CASIA/test_release/24/HR_3.avi
Processing video /home/centos/pad/lcnn-pytorch/dataset/CASIA/test_release/24/3.avi
Processing video /home/centos/pad/lcnn-pytorch/dataset/CASIA/test_release/24/2.avi
Processing video /home/centos/pad/lcnn-pytorch/dataset/CASIA/test_release/24/4.avi
Processing video /home/centos/pad/lcnn-pytorch/dataset/CASIA/test_release/24/1.avi
Processing video /home/centos/pad/lcnn-pytorch/dataset/CASIA/test_release/24/7.avi
Processing video /home/centos/pad/lcnn-pytorch/dataset/CASIA/test_release/22/HR_3.avi
Processing video /home/centos/pad/lcnn-pytorch/dataset/CASIA/test_release/22/HR_4.avi
Processing video /home/centos/pad/lcnn-pytorch/dataset/CASIA/test_release/22/6.avi
Processing video /home/centos/pad/lcnn-pytorch/dataset/CASIA/test_release/22/HR_1.avi
Processing video /home/centos/pad/lcnn-pytorch/dataset/CASIA/test_release/22/3.avi
Processing video /home/centos/pad/lcnn-pytorch/dataset/CASIA/test_release/22/7.avi
Processing video /home/centos/pad/lcnn-pytorch/dataset/CASIA/test_release/22/HR_2.avi
Processing video /home/centos/pad/lcnn-pytorch/dataset/CASIA/test_release/22/2.avi
Processing video /home/centos/pad/lcnn-pytorch/dataset/CASIA/test_release/22/1.avi
Processing video /home/centos/pad/lcnn-pytorch/dataset/CASIA/test_release/22/8.avi
Processing video /home/centos/pad/lcnn-pytorch/dataset/CASIA/test_release/22/4.avi
Processing video /home/centos/pad/lcnn-pytorch/dataset/CASIA/test_release/22/5.avi
Processing video /home/centos/pad/lcnn-pytorch/dataset/CASIA/test_release/17/HR_1.avi
Processing video /home/centos/pad/lcnn-pytorch/dataset/CASIA/test_release/17/HR_4.avi
Processing video /home/centos/pad/lcnn-pytorch/dataset/CASIA/test_release/17/HR_3.avi
Processing video /home/centos/pad/lcnn-pytorch/dataset/CASIA/test_release/17/2.avi
Processing video /home/centos/pad/lcnn-pytorch/dataset/CASIA/test_release/17/6.avi
Processing video /home/centos/pad/lcnn-pytorch/dataset/CASIA/test_release/17/7.avi
Processing video /home/centos/pad/lcnn-pytorch/dataset/CASIA/test_release/17/3.avi
Processing video /home/centos/pad/lcnn-pytorch/dataset/CASIA/test_release/17/5.avi
Processing video /home/centos/pad/lcnn-pytorch/dataset/CASIA/test_release/17/8.avi
Processing video /home/centos/pad/lcnn-pytorch/dataset/CASIA/test_release/17/1.avi
Processing video /home/centos/pad/lcnn-pytorch/dataset/CASIA/test_release/17/HR_2.avi
Processing video /home/centos/pad/lcnn-pytorch/dataset/CASIA/test_release/17/4.avi
Processing video /home/centos/pad/lcnn-pytorch/dataset/CASIA/test_release/14/6.avi
Processing video /home/centos/pad/lcnn-pytorch/dataset/CASIA/test_release/14/2.avi
Processing video /home/centos/pad/lcnn-pytorch/dataset/CASIA/test_release/14/3.avi
Processing video /home/centos/pad/lcnn-pytorch/dataset/CASIA/test_release/14/HR_3.avi
Processing video /home/centos/pad/lcnn-pytorch/dataset/CASIA/test_release/14/7.avi
Processing video /home/centos/pad/lcnn-pytorch/dataset/CASIA/test_release/14/5.avi
Processing video /home/centos/pad/lcnn-pytorch/dataset/CASIA/test_release/14/8.avi
Processing video /home/centos/pad/lcnn-pytorch/dataset/CASIA/test_release/14/HR_2.avi
Processing video /home/centos/pad/lcnn-pytorch/dataset/CASIA/test_release/14/HR_4.avi
Processing video /home/centos/pad/lcnn-pytorch/dataset/CASIA/test_release/14/1.avi
Processing video /home/centos/pad/lcnn-pytorch/dataset/CASIA/test_release/14/HR_1.avi
Processing video /home/centos/pad/lcnn-pytorch/dataset/CASIA/test_release/14/4.avi
Processing video /home/centos/pad/lcnn-pytorch/dataset/CASIA/test_release/12/3.avi
Processing video /home/centos/pad/lcnn-pytorch/dataset/CASIA/test_release/12/5.avi
Processing video /home/centos/pad/lcnn-pytorch/dataset/CASIA/test_release/12/HR_3.avi
Processing video /home/centos/pad/lcnn-pytorch/dataset/CASIA/test_release/12/HR_1.avi
Processing video /home/centos/pad/lcnn-pytorch/dataset/CASIA/test_release/12/1.avi
Processing video /home/centos/pad/lcnn-pytorch/dataset/CASIA/test_release/12/6.avi
Processing video /home/centos/pad/lcnn-pytorch/dataset/CASIA/test_release/12/4.avi
Processing video /home/centos/pad/lcnn-pytorch/dataset/CASIA/test_release/12/2.avi
Processing video /home/centos/pad/lcnn-pytorch/dataset/CASIA/test_release/12/HR_4.avi
Processing video /home/centos/pad/lcnn-pytorch/dataset/CASIA/test_release/12/7.avi
Processing video /home/centos/pad/lcnn-pytorch/dataset/CASIA/test_release/12/8.avi
Processing video /home/centos/pad/lcnn-pytorch/dataset/CASIA/test_release/12/HR_2.avi
Processing video /home/centos/pad/lcnn-pytorch/dataset/CASIA/test_release/13/8.avi
Processing video /home/centos/pad/lcnn-pytorch/dataset/CASIA/test_release/13/6.avi
Processing video /home/centos/pad/lcnn-pytorch/dataset/CASIA/test_release/13/7.avi
Processing video /home/centos/pad/lcnn-pytorch/dataset/CASIA/test_release/13/2.avi
Processing video /home/centos/pad/lcnn-pytorch/dataset/CASIA/test_release/13/HR_4.avi
Processing video /home/centos/pad/lcnn-pytorch/dataset/CASIA/test_release/13/HR_3.avi
Processing video /home/centos/pad/lcnn-pytorch/dataset/CASIA/test_release/13/4.avi
Processing video /home/centos/pad/lcnn-pytorch/dataset/CASIA/test_release/13/HR_1.avi
Processing video /home/centos/pad/lcnn-pytorch/dataset/CASIA/test_release/13/3.avi
Processing video /home/centos/pad/lcnn-pytorch/dataset/CASIA/test_release/13/1.avi
Processing video /home/centos/pad/lcnn-pytorch/dataset/CASIA/test_release/13/5.avi
Processing video /home/centos/pad/lcnn-pytorch/dataset/CASIA/test_release/13/HR_2.avi
Processing video /home/centos/pad/lcnn-pytorch/dataset/CASIA/test_release/27/HR_3.avi
Processing video /home/centos/pad/lcnn-pytorch/dataset/CASIA/test_release/27/HR_4.avi
Processing video /home/centos/pad/lcnn-pytorch/dataset/CASIA/test_release/27/7.avi
Processing video /home/centos/pad/lcnn-pytorch/dataset/CASIA/test_release/27/HR_2.avi
Processing video /home/centos/pad/lcnn-pytorch/dataset/CASIA/test_release/27/5.avi
Processing video /home/centos/pad/lcnn-pytorch/dataset/CASIA/test_release/27/8.avi
Processing video /home/centos/pad/lcnn-pytorch/dataset/CASIA/test_release/27/4.avi
Processing video /home/centos/pad/lcnn-pytorch/dataset/CASIA/test_release/27/6.avi
Processing video /home/centos/pad/lcnn-pytorch/dataset/CASIA/test_release/27/1.avi
Processing video /home/centos/pad/lcnn-pytorch/dataset/CASIA/test_release/27/HR_1.avi
Processing video /home/centos/pad/lcnn-pytorch/dataset/CASIA/test_release/27/2.avi
Processing video /home/centos/pad/lcnn-pytorch/dataset/CASIA/test_release/27/3.avi
Processing video /home/centos/pad/lcnn-pytorch/dataset/CASIA/test_release/19/HR_4.avi
Processing video /home/centos/pad/lcnn-pytorch/dataset/CASIA/test_release/19/4.avi
Processing video /home/centos/pad/lcnn-pytorch/dataset/CASIA/test_release/19/6.avi
Processing video /home/centos/pad/lcnn-pytorch/dataset/CASIA/test_release/19/3.avi
Processing video /home/centos/pad/lcnn-pytorch/dataset/CASIA/test_release/19/5.avi
Processing video /home/centos/pad/lcnn-pytorch/dataset/CASIA/test_release/19/2.avi
Processing video /home/centos/pad/lcnn-pytorch/dataset/CASIA/test_release/19/1.avi
Processing video /home/centos/pad/lcnn-pytorch/dataset/CASIA/test_release/19/7.avi
Processing video /home/centos/pad/lcnn-pytorch/dataset/CASIA/test_release/19/HR_3.avi
Processing video /home/centos/pad/lcnn-pytorch/dataset/CASIA/test_release/19/HR_1.avi
Processing video /home/centos/pad/lcnn-pytorch/dataset/CASIA/test_release/19/8.avi
Processing video /home/centos/pad/lcnn-pytorch/dataset/CASIA/test_release/19/HR_2.avi
Processing video /home/centos/pad/lcnn-pytorch/dataset/CASIA/test_release/30/HR_3.avi
Processing video /home/centos/pad/lcnn-pytorch/dataset/CASIA/test_release/30/HR_4.avi
Processing video /home/centos/pad/lcnn-pytorch/dataset/CASIA/test_release/30/6.avi
Processing video /home/centos/pad/lcnn-pytorch/dataset/CASIA/test_release/30/8.avi
Processing video /home/centos/pad/lcnn-pytorch/dataset/CASIA/test_release/30/2.avi
Processing video /home/centos/pad/lcnn-pytorch/dataset/CASIA/test_release/30/1.avi
Processing video /home/centos/pad/lcnn-pytorch/dataset/CASIA/test_release/30/HR_2.avi
Processing video /home/centos/pad/lcnn-pytorch/dataset/CASIA/test_release/30/5.avi
Processing video /home/centos/pad/lcnn-pytorch/dataset/CASIA/test_release/30/3.avi
Processing video /home/centos/pad/lcnn-pytorch/dataset/CASIA/test_release/30/7.avi
Processing video /home/centos/pad/lcnn-pytorch/dataset/CASIA/test_release/30/HR_1.avi
Processing video /home/centos/pad/lcnn-pytorch/dataset/CASIA/test_release/30/4.avi
Processing video /home/centos/pad/lcnn-pytorch/dataset/CASIA/test_release/18/6.avi
Processing video /home/centos/pad/lcnn-pytorch/dataset/CASIA/test_release/18/3.avi
Processing video /home/centos/pad/lcnn-pytorch/dataset/CASIA/test_release/18/2.avi
Processing video /home/centos/pad/lcnn-pytorch/dataset/CASIA/test_release/18/HR_4.avi
Processing video /home/centos/pad/lcnn-pytorch/dataset/CASIA/test_release/18/8.avi
Processing video /home/centos/pad/lcnn-pytorch/dataset/CASIA/test_release/18/HR_2.avi
Processing video /home/centos/pad/lcnn-pytorch/dataset/CASIA/test_release/18/4.avi
Processing video /home/centos/pad/lcnn-pytorch/dataset/CASIA/test_release/18/5.avi
Processing video /home/centos/pad/lcnn-pytorch/dataset/CASIA/test_release/18/1.avi
Processing video /home/centos/pad/lcnn-pytorch/dataset/CASIA/test_release/18/7.avi
Processing video /home/centos/pad/lcnn-pytorch/dataset/CASIA/test_release/18/HR_1.avi
Processing video /home/centos/pad/lcnn-pytorch/dataset/CASIA/test_release/18/HR_3.avi
Processing video /home/centos/pad/lcnn-pytorch/dataset/CASIA/test_release/1/HR_1.avi
Processing video /home/centos/pad/lcnn-pytorch/dataset/CASIA/test_release/1/2.avi
Processing video /home/centos/pad/lcnn-pytorch/dataset/CASIA/test_release/1/HR_3.avi
Processing video /home/centos/pad/lcnn-pytorch/dataset/CASIA/test_release/1/1.avi
Processing video /home/centos/pad/lcnn-pytorch/dataset/CASIA/test_release/1/4.avi
Processing video /home/centos/pad/lcnn-pytorch/dataset/CASIA/test_release/1/5.avi
Processing video /home/centos/pad/lcnn-pytorch/dataset/CASIA/test_release/1/8.avi
Processing video /home/centos/pad/lcnn-pytorch/dataset/CASIA/test_release/1/6.avi
Processing video /home/centos/pad/lcnn-pytorch/dataset/CASIA/test_release/1/HR_4.avi
Processing video /home/centos/pad/lcnn-pytorch/dataset/CASIA/test_release/1/HR_2.avi
Processing video /home/centos/pad/lcnn-pytorch/dataset/CASIA/test_release/1/3.avi
Processing video /home/centos/pad/lcnn-pytorch/dataset/CASIA/test_release/1/7.avi
Processing video /home/centos/pad/lcnn-pytorch/dataset/CASIA/test_release/10/HR_3.avi
Processing video /home/centos/pad/lcnn-pytorch/dataset/CASIA/test_release/10/HR_4.avi
Processing video /home/centos/pad/lcnn-pytorch/dataset/CASIA/test_release/10/4.avi
Processing video /home/centos/pad/lcnn-pytorch/dataset/CASIA/test_release/10/5.avi
Processing video /home/centos/pad/lcnn-pytorch/dataset/CASIA/test_release/10/7.avi
Processing video /home/centos/pad/lcnn-pytorch/dataset/CASIA/test_release/10/1.avi
Processing video /home/centos/pad/lcnn-pytorch/dataset/CASIA/test_release/10/HR_2.avi
Processing video /home/centos/pad/lcnn-pytorch/dataset/CASIA/test_release/10/6.avi
Processing video /home/centos/pad/lcnn-pytorch/dataset/CASIA/test_release/10/HR_1.avi
Processing video /home/centos/pad/lcnn-pytorch/dataset/CASIA/test_release/10/8.avi
Processing video /home/centos/pad/lcnn-pytorch/dataset/CASIA/test_release/10/2.avi
Processing video /home/centos/pad/lcnn-pytorch/dataset/CASIA/test_release/10/3.avi
Processing video /home/centos/pad/lcnn-pytorch/dataset/CASIA/test_release/11/HR_4.avi
Processing video /home/centos/pad/lcnn-pytorch/dataset/CASIA/test_release/11/2.avi
Processing video /home/centos/pad/lcnn-pytorch/dataset/CASIA/test_release/11/8.avi
Processing video /home/centos/pad/lcnn-pytorch/dataset/CASIA/test_release/11/HR_1.avi
Processing video /home/centos/pad/lcnn-pytorch/dataset/CASIA/test_release/11/HR_3.avi
Processing video /home/centos/pad/lcnn-pytorch/dataset/CASIA/test_release/11/5.avi
Processing video /home/centos/pad/lcnn-pytorch/dataset/CASIA/test_release/11/1.avi
Processing video /home/centos/pad/lcnn-pytorch/dataset/CASIA/test_release/11/7.avi
Processing video /home/centos/pad/lcnn-pytorch/dataset/CASIA/test_release/11/3.avi
Processing video /home/centos/pad/lcnn-pytorch/dataset/CASIA/test_release/11/4.avi
Processing video /home/centos/pad/lcnn-pytorch/dataset/CASIA/test_release/11/6.avi
Processing video /home/centos/pad/lcnn-pytorch/dataset/CASIA/test_release/11/HR_2.avi
Processing video /home/centos/pad/lcnn-pytorch/dataset/CASIA/test_release/15/HR_4.avi
Processing video /home/centos/pad/lcnn-pytorch/dataset/CASIA/test_release/15/HR_3.avi
Processing video /home/centos/pad/lcnn-pytorch/dataset/CASIA/test_release/15/6.avi
Processing video /home/centos/pad/lcnn-pytorch/dataset/CASIA/test_release/15/HR_1.avi
Processing video /home/centos/pad/lcnn-pytorch/dataset/CASIA/test_release/15/8.avi
Processing video /home/centos/pad/lcnn-pytorch/dataset/CASIA/test_release/15/4.avi
Processing video /home/centos/pad/lcnn-pytorch/dataset/CASIA/test_release/15/5.avi
Processing video /home/centos/pad/lcnn-pytorch/dataset/CASIA/test_release/15/3.avi
Processing video /home/centos/pad/lcnn-pytorch/dataset/CASIA/test_release/15/7.avi
Processing video /home/centos/pad/lcnn-pytorch/dataset/CASIA/test_release/15/2.avi
Processing video /home/centos/pad/lcnn-pytorch/dataset/CASIA/test_release/15/1.avi
Processing video /home/centos/pad/lcnn-pytorch/dataset/CASIA/test_release/15/HR_2.avi
Processing video /home/centos/pad/lcnn-pytorch/dataset/CASIA/test_release/23/6.avi
Processing video /home/centos/pad/lcnn-pytorch/dataset/CASIA/test_release/23/3.avi
Processing video /home/centos/pad/lcnn-pytorch/dataset/CASIA/test_release/23/5.avi
Processing video /home/centos/pad/lcnn-pytorch/dataset/CASIA/test_release/23/8.avi
Processing video /home/centos/pad/lcnn-pytorch/dataset/CASIA/test_release/23/HR_3.avi
Processing video /home/centos/pad/lcnn-pytorch/dataset/CASIA/test_release/23/7.avi
Processing video /home/centos/pad/lcnn-pytorch/dataset/CASIA/test_release/23/HR_4.avi
Processing video /home/centos/pad/lcnn-pytorch/dataset/CASIA/test_release/23/1.avi
Processing video /home/centos/pad/lcnn-pytorch/dataset/CASIA/test_release/23/4.avi
Processing video /home/centos/pad/lcnn-pytorch/dataset/CASIA/test_release/23/2.avi
Processing video /home/centos/pad/lcnn-pytorch/dataset/CASIA/test_release/23/HR_1.avi
Processing video /home/centos/pad/lcnn-pytorch/dataset/CASIA/test_release/23/HR_2.avi
Processing video /home/centos/pad/lcnn-pytorch/dataset/CASIA/test_release/16/7.avi
Processing video /home/centos/pad/lcnn-pytorch/dataset/CASIA/test_release/16/HR_4.avi
Processing video /home/centos/pad/lcnn-pytorch/dataset/CASIA/test_release/16/HR_2.avi
Processing video /home/centos/pad/lcnn-pytorch/dataset/CASIA/test_release/16/6.avi
Processing video /home/centos/pad/lcnn-pytorch/dataset/CASIA/test_release/16/2.avi
Processing video /home/centos/pad/lcnn-pytorch/dataset/CASIA/test_release/16/HR_3.avi
Processing video /home/centos/pad/lcnn-pytorch/dataset/CASIA/test_release/16/1.avi
Processing video /home/centos/pad/lcnn-pytorch/dataset/CASIA/test_release/16/3.avi
Processing video /home/centos/pad/lcnn-pytorch/dataset/CASIA/test_release/16/5.avi
Processing video /home/centos/pad/lcnn-pytorch/dataset/CASIA/test_release/16/8.avi
Processing video /home/centos/pad/lcnn-pytorch/dataset/CASIA/test_release/16/HR_1.avi
Processing video /home/centos/pad/lcnn-pytorch/dataset/CASIA/test_release/16/4.avi
Processing video /home/centos/pad/lcnn-pytorch/dataset/CASIA/test_release/29/HR_4.avi
Processing video /home/centos/pad/lcnn-pytorch/dataset/CASIA/test_release/29/HR_3.avi
Processing video /home/centos/pad/lcnn-pytorch/dataset/CASIA/test_release/29/7.avi
Processing video /home/centos/pad/lcnn-pytorch/dataset/CASIA/test_release/29/8.avi
Processing video /home/centos/pad/lcnn-pytorch/dataset/CASIA/test_release/29/2.avi
Processing video /home/centos/pad/lcnn-pytorch/dataset/CASIA/test_release/29/5.avi
Processing video /home/centos/pad/lcnn-pytorch/dataset/CASIA/test_release/29/4.avi
Processing video /home/centos/pad/lcnn-pytorch/dataset/CASIA/test_release/29/3.avi
Processing video /home/centos/pad/lcnn-pytorch/dataset/CASIA/test_release/29/1.avi
Processing video /home/centos/pad/lcnn-pytorch/dataset/CASIA/test_release/29/HR_1.avi
Processing video /home/centos/pad/lcnn-pytorch/dataset/CASIA/test_release/29/6.avi
Processing video /home/centos/pad/lcnn-pytorch/dataset/CASIA/test_release/29/HR_2.avi
Processing video /home/centos/pad/lcnn-pytorch/dataset/CASIA/test_release/26/7.avi
Processing video /home/centos/pad/lcnn-pytorch/dataset/CASIA/test_release/26/HR_2.avi
Processing video /home/centos/pad/lcnn-pytorch/dataset/CASIA/test_release/26/HR_3.avi
Processing video /home/centos/pad/lcnn-pytorch/dataset/CASIA/test_release/26/HR_1.avi
Processing video /home/centos/pad/lcnn-pytorch/dataset/CASIA/test_release/26/6.avi
Processing video /home/centos/pad/lcnn-pytorch/dataset/CASIA/test_release/26/HR_4.avi
Processing video /home/centos/pad/lcnn-pytorch/dataset/CASIA/test_release/26/4.avi
Processing video /home/centos/pad/lcnn-pytorch/dataset/CASIA/test_release/26/5.avi
Processing video /home/centos/pad/lcnn-pytorch/dataset/CASIA/test_release/26/3.avi
Processing video /home/centos/pad/lcnn-pytorch/dataset/CASIA/test_release/26/8.avi
Processing video /home/centos/pad/lcnn-pytorch/dataset/CASIA/test_release/26/1.avi
Processing video /home/centos/pad/lcnn-pytorch/dataset/CASIA/test_release/26/2.avi
Processing video /home/centos/pad/lcnn-pytorch/dataset/CASIA/test_release/9/4.avi
Processing video /home/centos/pad/lcnn-pytorch/dataset/CASIA/test_release/9/5.avi
Processing video /home/centos/pad/lcnn-pytorch/dataset/CASIA/test_release/9/HR_2.avi
Processing video /home/centos/pad/lcnn-pytorch/dataset/CASIA/test_release/9/7.avi
Processing video /home/centos/pad/lcnn-pytorch/dataset/CASIA/test_release/9/HR_3.avi
Processing video /home/centos/pad/lcnn-pytorch/dataset/CASIA/test_release/9/HR_1.avi
Processing video /home/centos/pad/lcnn-pytorch/dataset/CASIA/test_release/9/1.avi
Processing video /home/centos/pad/lcnn-pytorch/dataset/CASIA/test_release/9/6.avi
Processing video /home/centos/pad/lcnn-pytorch/dataset/CASIA/test_release/9/8.avi
Processing video /home/centos/pad/lcnn-pytorch/dataset/CASIA/test_release/9/2.avi
Processing video /home/centos/pad/lcnn-pytorch/dataset/CASIA/test_release/9/HR_4.avi/home/centos/.conda/envs/lcnn-3.6.0/lib/python3.6/site-packages/tensorflow/python/framework/dtypes.py:523: FutureWarning: Passing (type, 1) or '1type' as a synonym of type is deprecated; in a future version of numpy, it will be understood as (type, (1,)) / '(1,)type'.
  _np_qint8 = np.dtype([("qint8", np.int8, 1)])
/home/centos/.conda/envs/lcnn-3.6.0/lib/python3.6/site-packages/tensorflow/python/framework/dtypes.py:524: FutureWarning: Passing (type, 1) or '1type' as a synonym of type is deprecated; in a future version of numpy, it will be understood as (type, (1,)) / '(1,)type'.
  _np_quint8 = np.dtype([("quint8", np.uint8, 1)])
/home/centos/.conda/envs/lcnn-3.6.0/lib/python3.6/site-packages/tensorflow/python/framework/dtypes.py:525: FutureWarning: Passing (type, 1) or '1type' as a synonym of type is deprecated; in a future version of numpy, it will be understood as (type, (1,)) / '(1,)type'.
  _np_qint16 = np.dtype([("qint16", np.int16, 1)])
/home/centos/.conda/envs/lcnn-3.6.0/lib/python3.6/site-packages/tensorflow/python/framework/dtypes.py:526: FutureWarning: Passing (type, 1) or '1type' as a synonym of type is deprecated; in a future version of numpy, it will be understood as (type, (1,)) / '(1,)type'.
  _np_quint16 = np.dtype([("quint16", np.uint16, 1)])
/home/centos/.conda/envs/lcnn-3.6.0/lib/python3.6/site-packages/tensorflow/python/framework/dtypes.py:527: FutureWarning: Passing (type, 1) or '1type' as a synonym of type is deprecated; in a future version of numpy, it will be understood as (type, (1,)) / '(1,)type'.
  _np_qint32 = np.dtype([("qint32", np.int32, 1)])
/home/centos/.conda/envs/lcnn-3.6.0/lib/python3.6/site-packages/tensorflow/python/framework/dtypes.py:532: FutureWarning: Passing (type, 1) or '1type' as a synonym of type is deprecated; in a future version of numpy, it will be understood as (type, (1,)) / '(1,)type'.
  np_resource = np.dtype([("resource", np.ubyte, 1)])

Processing video /home/centos/pad/lcnn-pytorch/dataset/CASIA/test_release/9/3.avi
Processing video /home/centos/pad/lcnn-pytorch/dataset/CASIA/test_release/8/8.avi
Processing video /home/centos/pad/lcnn-pytorch/dataset/CASIA/test_release/8/1.avi
Processing video /home/centos/pad/lcnn-pytorch/dataset/CASIA/test_release/8/HR_4.avi
Processing video /home/centos/pad/lcnn-pytorch/dataset/CASIA/test_release/8/2.avi
Processing video /home/centos/pad/lcnn-pytorch/dataset/CASIA/test_release/8/5.avi
Processing video /home/centos/pad/lcnn-pytorch/dataset/CASIA/test_release/8/7.avi
Processing video /home/centos/pad/lcnn-pytorch/dataset/CASIA/test_release/8/HR_3.avi
Processing video /home/centos/pad/lcnn-pytorch/dataset/CASIA/test_release/8/4.avi
Processing video /home/centos/pad/lcnn-pytorch/dataset/CASIA/test_release/8/HR_1.avi
Processing video /home/centos/pad/lcnn-pytorch/dataset/CASIA/test_release/8/6.avi
Processing video /home/centos/pad/lcnn-pytorch/dataset/CASIA/test_release/8/3.avi
Processing video /home/centos/pad/lcnn-pytorch/dataset/CASIA/test_release/8/HR_2.avi
